<?xml version="1.0" encoding="UTF-8"?>
<!-- Generated by org.testng.reporters.JUnitReportReporter -->
<testsuite skipped="0" hostname="DESKTOP-D8DQDCI" name="mavenseleniumprojectpackage.DemoTest" tests="1" failures="0" timestamp="09 Oct 2018 17:26:52 GMT" time="8.683" errors="0">
  <testcase name="Testcase1" time="8.683" classname="mavenseleniumprojectpackage.DemoTest"/>
</testsuite> <!-- mavenseleniumprojectpackage.DemoTest -->
