<?xml version="1.0" encoding="UTF-8"?>
<!-- Generated by org.testng.reporters.JUnitReportReporter -->
<testsuite skipped="0" hostname="DESKTOP-D8DQDCI" name="mavenseleniumprojectpackage.AppTest" tests="1" failures="0" timestamp="09 Oct 2018 17:26:52 GMT" time="0.001" errors="0">
  <testcase name="testApp" time="0.001" classname="mavenseleniumprojectpackage.AppTest"/>
</testsuite> <!-- mavenseleniumprojectpackage.AppTest -->
