<?xml version="1.0" encoding="UTF-8"?>
<!-- Generated by org.testng.reporters.JUnitReportReporter -->
<testsuite skipped="0" hostname="DESKTOP-D8DQDCI" name="mavenseleniumprojectpackage.DemoTest" tests="1" failures="0" timestamp="08 Oct 2018 03:12:52 GMT" time="9.326" errors="0">
  <testcase name="Testcase1" time="9.326" classname="mavenseleniumprojectpackage.DemoTest"/>
</testsuite> <!-- mavenseleniumprojectpackage.DemoTest -->
